<?xml version="1.0" encoding="UTF-8"?>
<!-- Generated by org.testng.reporters.JUnitReportReporter -->
<testsuite hostname="DESKTOP-QR8CI0O" failures="0" tests="12" name="CalculatorTest" time="4.908" errors="0" timestamp="2024-03-20T22:18:33 EET" skipped="0">
  <testcase classname="CalculatorTest" name="userRegistrationPositive" time="0.622"/>
  <testcase classname="CalculatorTest" name="userRegistrationNegative" time="0.277"/>
  <testcase classname="CalculatorTest" name="userLoginNegative" time="0.268"/>
  <testcase classname="CalculatorTest" name="userLoginPositive" time="0.255"/>
  <testcase classname="CalculatorTest" name="createOperationPositive" time="0.399"/>
  <testcase classname="CalculatorTest" name="createOperationNegative" time="0.338"/>
  <testcase classname="CalculatorTest" name="searchOperationPositive" time="0.301"/>
  <testcase classname="CalculatorTest" name="searchOperationNegative" time="0.206"/>
  <testcase classname="CalculatorTest" name="editOperationPositive" time="0.684"/>
  <testcase classname="CalculatorTest" name="editOperationNegative" time="0.961"/>
  <testcase classname="CalculatorTest" name="deleteOperationPositive" time="0.351"/>
  <testcase classname="CalculatorTest" name="deleteOperationNegative" time="0.246"/>
</testsuite> <!-- CalculatorTest -->
